2017-04-17 18:46:47,086  ERROR Ошибка копирования файла - file.txt - Could not find file 'c:/\\file.txt'.
2017-04-17 18:46:47,086  ERROR Ошибка копирования файла - |file.txt - Illegal characters in path.
2017-04-17 18:46:47,119  ERROR Ошибка копирования файла - file.txt - Could not find file 'c:/file.txt'.
2017-04-17 18:46:47,100  ERROR Ошибка копирования файла - file.txt - Could not find file 'c:/file.txt'.
2017-04-17 18:46:47,118  ERROR Ошибка копирования файла - file.txt - Could not find file 'c:/file.txt'.
2017-04-17 18:46:47,118  ERROR Ошибка копирования файла - file.txt - Could not find file 'c:/file.txt'.
2017-04-17 18:46:47,119  ERROR Ошибка копирования файла - file.txt - Could not find file 'c:/file.txt'.
2017-04-17 18:46:47,136  ERROR Ошибка копирования файла - file.txt - Could not find file 'c:/file.txt'.
2017-04-17 18:46:47,141  ERROR Ошибка копирования файла - file.txt - Could not find file 'c:/file.txt'.
2017-04-17 18:46:59,043  ERROR Ошибка копирования файла - file.txt - The file 'd:/file.txt' already exists.
2017-04-17 18:46:59,043  INFO  Выполнение программы завершено.
2017-04-17 18:48:42,094  ERROR Ошибка копирования файла - |file.txt - Illegal characters in path.
2017-04-17 18:48:42,094  ERROR Ошибка копирования файла - file.txt - The file 'd:/file.txt' already exists.
2017-04-17 18:48:42,109  ERROR Ошибка копирования файла - file.txt - Could not find file 'c:/file.txt'.
2017-04-17 18:48:42,108  ERROR Ошибка копирования файла - file.txt - Could not find file 'c:/file.txt'.
2017-04-17 18:48:42,095  ERROR Ошибка копирования файла - file.txt - Could not find file 'c:/\\file.txt'.
2017-04-17 18:48:42,124  ERROR Ошибка копирования файла - file.txt - Could not find file 'c:/file.txt'.
2017-04-17 18:48:42,143  ERROR Ошибка копирования файла - file.txt - Could not find file 'c:/file.txt'.
2017-04-17 18:48:42,150  ERROR Ошибка копирования файла - file.txt - Could not find file 'c:/file.txt'.
2017-04-17 18:48:42,152  ERROR Ошибка копирования файла - file.txt - Could not find file 'c:/file.txt'.
2017-04-17 18:48:42,179  ERROR Ошибка копирования файла - file.txt - Could not find file 'c:/file.txt'.
2017-04-17 18:48:42,180  INFO  Выполнение программы завершено.
2017-04-18 14:39:26,361  ERROR Ошибка копирования файла - file.txt - Файл 'c:/file.txt' не найден.
2017-04-18 14:39:26,361  ERROR Ошибка копирования файла - file.txt - Файл 'c:/file.txt' не найден.
2017-04-18 14:39:26,361  ERROR Ошибка копирования файла - |file.txt - Путь содержит недопустимые знаки.
2017-04-18 14:39:26,361  ERROR Ошибка копирования файла - file.txt - Файл 'c:/file.txt' не найден.
2017-04-18 14:39:26,392  ERROR Ошибка копирования файла - file.txt - Файл 'c:/file.txt' не найден.
2017-04-18 14:39:26,438  ERROR Ошибка копирования файла - file.txt - Файл 'c:/file.txt' не найден.
2017-04-18 14:39:26,477  ERROR Ошибка копирования файла - file.txt - Файл 'c:/\\file.txt' не найден.
2017-04-18 14:39:26,489  ERROR Ошибка копирования файла - file.txt - Файл 'c:/file.txt' не найден.
2017-04-18 14:39:26,477  ERROR Ошибка копирования файла - file.txt - Файл 'c:/file.txt' не найден.
2017-04-18 14:39:26,727  ERROR Ошибка копирования файла - file.txt - Не найдено сетевое имя.

2017-04-18 14:39:26,730  INFO  Выполнение программы завершено.
2017-04-18 14:39:57,062  ERROR Ошибка копирования файла - file.txt - Не найдено сетевое имя.

2017-04-18 14:39:57,063  ERROR Ошибка копирования файла - |file.txt - Путь содержит недопустимые знаки.
2017-04-18 14:39:57,063  ERROR Ошибка копирования файла - file.txt - Файл 'c:/file.txt' не найден.
2017-04-18 14:39:57,063  ERROR Ошибка копирования файла - file.txt - Файл 'c:/file.txt' не найден.
2017-04-18 14:39:57,063  ERROR Ошибка копирования файла - file.txt - Файл 'c:/file.txt' не найден.
2017-04-18 14:39:57,095  ERROR Ошибка копирования файла - file.txt - Файл 'c:/file.txt' не найден.
2017-04-18 14:39:57,161  ERROR Ошибка копирования файла - file.txt - Файл 'c:/\\file.txt' не найден.
2017-04-18 14:39:57,135  ERROR Ошибка копирования файла - file.txt - Файл 'c:/file.txt' не найден.
2017-04-18 14:39:57,205  ERROR Ошибка копирования файла - file.txt - Файл 'c:/file.txt' не найден.
2017-04-18 14:39:57,205  ERROR Ошибка копирования файла - file.txt - Файл 'c:/file.txt' не найден.
2017-04-18 14:39:57,220  INFO  Выполнение программы завершено.
